\BOOKMARK [0][-]{chapter.1}{Einleitung}{}% 1
\BOOKMARK [1][-]{section.1.1}{Ziel der Arbeit}{chapter.1}% 2
\BOOKMARK [1][-]{section.1.2}{Aufgabe des Neuronales Netzwerks}{chapter.1}% 3
\BOOKMARK [1][-]{section.1.3}{Verf\374gbarkeit des Programmcodes auf GitHub}{chapter.1}% 4
\BOOKMARK [1][-]{section.1.4}{Aktuelle Relevanz von neuronalen Netzen}{chapter.1}% 5
\BOOKMARK [1][-]{section.1.5}{Aufbau der Arbeit}{chapter.1}% 6
\BOOKMARK [0][-]{chapter.2}{Theorie}{}% 7
\BOOKMARK [1][-]{section.2.1}{Das Neuron}{chapter.2}% 8
\BOOKMARK [1][-]{section.2.2}{Neuronales Netzwerk}{chapter.2}% 9
\BOOKMARK [1][-]{section.2.3}{Stochastic Gradient Descent}{chapter.2}% 10
\BOOKMARK [1][-]{section.2.4}{Backpropagation}{chapter.2}% 11
\BOOKMARK [0][-]{chapter.3}{Theorie}{}% 12
\BOOKMARK [1][-]{section.3.1}{Neuronales Netzwerk}{chapter.3}% 13
\BOOKMARK [1][-]{section.3.2}{Perceptrons}{chapter.3}% 14
\BOOKMARK [1][-]{section.3.3}{Arbeitsweise von Perceptrons}{chapter.3}% 15
\BOOKMARK [1][-]{section.3.4}{Sigmoid Neurons}{chapter.3}% 16
\BOOKMARK [1][-]{section.3.5}{Stochastic Gradient Descent}{chapter.3}% 17
\BOOKMARK [1][-]{section.3.6}{Backpropagation}{chapter.3}% 18
\BOOKMARK [0][-]{chapter.4}{Implementierung}{}% 19
\BOOKMARK [1][-]{section.4.1}{Laden und Aufbereitung der MNIST Daten}{chapter.4}% 20
\BOOKMARK [1][-]{section.4.2}{Implementierung des neuronalen Netzes}{chapter.4}% 21
\BOOKMARK [1][-]{section.4.3}{Animation}{chapter.4}% 22
\BOOKMARK [0][-]{chapter.5}{Fazit und Ausblick}{}% 23
\BOOKMARK [1][-]{section.5.1}{Auswertung des Ergebnisses}{chapter.5}% 24
\BOOKMARK [1][-]{section.5.2}{Performance der SetlX Implementierung}{chapter.5}% 25
